[0.011s] Invoking command in '/home/pjp2/adrc_new_ws/build/mimo_adrc': CMAKE_PREFIX_PATH=/opt/ros/humble /usr/bin/cmake --build /home/pjp2/adrc_new_ws/build/mimo_adrc -- -j24 -l24
[0.055s] -- Found ament_cmake: 1.3.11 (/opt/ros/humble/share/ament_cmake/cmake)
[0.149s] -- Override CMake install command with custom implementation using symlinks instead of copying resources
[0.167s] -- Found rclcpp: 16.0.12 (/opt/ros/humble/share/rclcpp/cmake)
[0.503s] -- Found rosidl_generator_c: 3.1.6 (/opt/ros/humble/share/rosidl_generator_c/cmake)
[0.505s] -- Found rosidl_adapter: 3.1.6 (/opt/ros/humble/share/rosidl_adapter/cmake)
[0.513s] -- Found rosidl_generator_cpp: 3.1.6 (/opt/ros/humble/share/rosidl_generator_cpp/cmake)
[0.525s] -- Using all available rosidl_typesupport_c: rosidl_typesupport_fastrtps_c;rosidl_typesupport_introspection_c
[0.538s] -- Using all available rosidl_typesupport_cpp: rosidl_typesupport_fastrtps_cpp;rosidl_typesupport_introspection_cpp
[0.569s] -- Found rmw_implementation_cmake: 6.1.2 (/opt/ros/humble/share/rmw_implementation_cmake/cmake)
[0.571s] -- Found rmw_fastrtps_cpp: 6.2.7 (/opt/ros/humble/share/rmw_fastrtps_cpp/cmake)
[10.165s] -- Using RMW implementation 'rmw_fastrtps_cpp' as default
[10.257s] -- Configuring done
[10.269s] -- Generating done
[10.271s] -- Build files have been written to: /home/pjp2/adrc_new_ws/build/mimo_adrc
[10.289s] [35m[1mConsolidate compiler generated dependencies of target adrc_lib[0m
[10.294s] [ 20%] [32mBuilding CXX object CMakeFiles/adrc_lib.dir/src/MimoADRC.cpp.o[0m
[10.511s] [ 40%] [32m[1mLinking CXX static library libadrc_lib.a[0m
[10.525s] [ 60%] Built target adrc_lib
[10.530s] [35m[1mConsolidate compiler generated dependencies of target mimo_node[0m
[10.538s] [ 80%] [32m[1mLinking CXX executable mimo_node[0m
[10.775s] [100%] Built target mimo_node
[10.781s] Invoked command in '/home/pjp2/adrc_new_ws/build/mimo_adrc' returned '0': CMAKE_PREFIX_PATH=/opt/ros/humble /usr/bin/cmake --build /home/pjp2/adrc_new_ws/build/mimo_adrc -- -j24 -l24
[10.785s] Invoking command in '/home/pjp2/adrc_new_ws/build/mimo_adrc': CMAKE_PREFIX_PATH=/opt/ros/humble /usr/bin/cmake --install /home/pjp2/adrc_new_ws/build/mimo_adrc
[10.787s] -- Install configuration: ""
[10.788s] -- Execute custom install script
[10.788s] -- Up-to-date symlink: /home/pjp2/adrc_new_ws/install/mimo_adrc/lib/mimo_adrc/mimo_node
[10.788s] -- Up-to-date symlink: /home/pjp2/adrc_new_ws/install/mimo_adrc/share/mimo_adrc/launch/mimo_launch.py
[10.788s] -- Up-to-date symlink: /home/pjp2/adrc_new_ws/install/mimo_adrc/share/ament_index/resource_index/package_run_dependencies/mimo_adrc
[10.789s] -- Up-to-date symlink: /home/pjp2/adrc_new_ws/install/mimo_adrc/share/ament_index/resource_index/parent_prefix_path/mimo_adrc
[10.789s] -- Up-to-date symlink: /home/pjp2/adrc_new_ws/install/mimo_adrc/share/mimo_adrc/environment/ament_prefix_path.sh
[10.789s] -- Up-to-date symlink: /home/pjp2/adrc_new_ws/install/mimo_adrc/share/mimo_adrc/environment/ament_prefix_path.dsv
[10.790s] -- Up-to-date symlink: /home/pjp2/adrc_new_ws/install/mimo_adrc/share/mimo_adrc/environment/path.sh
[10.790s] -- Up-to-date symlink: /home/pjp2/adrc_new_ws/install/mimo_adrc/share/mimo_adrc/environment/path.dsv
[10.790s] -- Up-to-date symlink: /home/pjp2/adrc_new_ws/install/mimo_adrc/share/mimo_adrc/local_setup.bash
[10.791s] -- Up-to-date symlink: /home/pjp2/adrc_new_ws/install/mimo_adrc/share/mimo_adrc/local_setup.sh
[10.791s] -- Up-to-date symlink: /home/pjp2/adrc_new_ws/install/mimo_adrc/share/mimo_adrc/local_setup.zsh
[10.791s] -- Up-to-date symlink: /home/pjp2/adrc_new_ws/install/mimo_adrc/share/mimo_adrc/local_setup.dsv
[10.791s] -- Symlinking: /home/pjp2/adrc_new_ws/install/mimo_adrc/share/mimo_adrc/package.dsv
[10.795s] -- Up-to-date symlink: /home/pjp2/adrc_new_ws/install/mimo_adrc/share/ament_index/resource_index/packages/mimo_adrc
[10.796s] -- Up-to-date symlink: /home/pjp2/adrc_new_ws/install/mimo_adrc/share/mimo_adrc/cmake/mimo_adrcConfig.cmake
[10.796s] -- Up-to-date symlink: /home/pjp2/adrc_new_ws/install/mimo_adrc/share/mimo_adrc/cmake/mimo_adrcConfig-version.cmake
[10.796s] -- Up-to-date symlink: /home/pjp2/adrc_new_ws/install/mimo_adrc/share/mimo_adrc/package.xml
[10.797s] Invoked command in '/home/pjp2/adrc_new_ws/build/mimo_adrc' returned '0': CMAKE_PREFIX_PATH=/opt/ros/humble /usr/bin/cmake --install /home/pjp2/adrc_new_ws/build/mimo_adrc
