[0.007s] Invoking command in '/home/pjp2/adrc_new_ws/build/mimo_adrc': CMAKE_PREFIX_PATH=${CMAKE_PREFIX_PATH}:/opt/ros/humble /usr/bin/cmake --build /home/pjp2/adrc_new_ws/build/mimo_adrc -- -j24 -l24
[0.029s] [ 50%] Built target adrc_lib
[0.040s] [100%] Built target mimo_node
[0.045s] Invoked command in '/home/pjp2/adrc_new_ws/build/mimo_adrc' returned '0': CMAKE_PREFIX_PATH=${CMAKE_PREFIX_PATH}:/opt/ros/humble /usr/bin/cmake --build /home/pjp2/adrc_new_ws/build/mimo_adrc -- -j24 -l24
[0.050s] Invoking command in '/home/pjp2/adrc_new_ws/build/mimo_adrc': CMAKE_PREFIX_PATH=${CMAKE_PREFIX_PATH}:/opt/ros/humble /usr/bin/cmake --install /home/pjp2/adrc_new_ws/build/mimo_adrc
[0.052s] -- Install configuration: ""
[0.053s] -- Execute custom install script
[0.053s] -- Up-to-date symlink: /home/pjp2/adrc_new_ws/install/mimo_adrc/lib/mimo_adrc/mimo_node
[0.053s] -- Up-to-date symlink: /home/pjp2/adrc_new_ws/install/mimo_adrc/share/mimo_adrc/launch/mimo_launch.py
[0.053s] -- Up-to-date symlink: /home/pjp2/adrc_new_ws/install/mimo_adrc/share/ament_index/resource_index/package_run_dependencies/mimo_adrc
[0.053s] -- Up-to-date symlink: /home/pjp2/adrc_new_ws/install/mimo_adrc/share/ament_index/resource_index/parent_prefix_path/mimo_adrc
[0.053s] -- Up-to-date symlink: /home/pjp2/adrc_new_ws/install/mimo_adrc/share/mimo_adrc/environment/ament_prefix_path.sh
[0.053s] -- Up-to-date symlink: /home/pjp2/adrc_new_ws/install/mimo_adrc/share/mimo_adrc/environment/ament_prefix_path.dsv
[0.053s] -- Up-to-date symlink: /home/pjp2/adrc_new_ws/install/mimo_adrc/share/mimo_adrc/environment/path.sh
[0.053s] -- Up-to-date symlink: /home/pjp2/adrc_new_ws/install/mimo_adrc/share/mimo_adrc/environment/path.dsv
[0.053s] -- Up-to-date symlink: /home/pjp2/adrc_new_ws/install/mimo_adrc/share/mimo_adrc/local_setup.bash
[0.053s] -- Up-to-date symlink: /home/pjp2/adrc_new_ws/install/mimo_adrc/share/mimo_adrc/local_setup.sh
[0.054s] -- Up-to-date symlink: /home/pjp2/adrc_new_ws/install/mimo_adrc/share/mimo_adrc/local_setup.zsh
[0.054s] -- Up-to-date symlink: /home/pjp2/adrc_new_ws/install/mimo_adrc/share/mimo_adrc/local_setup.dsv
[0.054s] -- Symlinking: /home/pjp2/adrc_new_ws/install/mimo_adrc/share/mimo_adrc/package.dsv
[0.058s] -- Up-to-date symlink: /home/pjp2/adrc_new_ws/install/mimo_adrc/share/ament_index/resource_index/packages/mimo_adrc
[0.058s] -- Up-to-date symlink: /home/pjp2/adrc_new_ws/install/mimo_adrc/share/mimo_adrc/cmake/mimo_adrcConfig.cmake
[0.058s] -- Up-to-date symlink: /home/pjp2/adrc_new_ws/install/mimo_adrc/share/mimo_adrc/cmake/mimo_adrcConfig-version.cmake
[0.058s] -- Up-to-date symlink: /home/pjp2/adrc_new_ws/install/mimo_adrc/share/mimo_adrc/package.xml
[0.060s] Invoked command in '/home/pjp2/adrc_new_ws/build/mimo_adrc' returned '0': CMAKE_PREFIX_PATH=${CMAKE_PREFIX_PATH}:/opt/ros/humble /usr/bin/cmake --install /home/pjp2/adrc_new_ws/build/mimo_adrc
