[0.006s] Invoking command in '/home/pjp2/adrc_new_ws/build/mimo_adrc': CMAKE_PREFIX_PATH=/opt/ros/humble /usr/bin/cmake /home/pjp2/adrc_new_ws/src/mimo_adrc -DAMENT_CMAKE_SYMLINK_INSTALL=1 -DCMAKE_INSTALL_PREFIX=/home/pjp2/adrc_new_ws/install/mimo_adrc
[0.179s] -- The C compiler identification is GNU 11.4.0
[1.091s] -- The CXX compiler identification is GNU 11.4.0
[1.591s] -- Detecting C compiler ABI info
[1.736s] -- Detecting C compiler ABI info - done
[1.740s] -- Check for working C compiler: /usr/bin/cc - skipped
[1.740s] -- Detecting C compile features
[1.740s] -- Detecting C compile features - done
[1.742s] -- Detecting CXX compiler ABI info
[1.955s] -- Detecting CXX compiler ABI info - done
[1.959s] -- Check for working CXX compiler: /usr/bin/c++ - skipped
[1.959s] -- Detecting CXX compile features
[1.959s] -- Detecting CXX compile features - done
[1.961s] -- Found ament_cmake: 1.3.11 (/opt/ros/humble/share/ament_cmake/cmake)
[2.038s] -- Found Python3: /usr/bin/python3 (found version "3.10.12") found components: Interpreter 
[2.074s] -- Override CMake install command with custom implementation using symlinks instead of copying resources
[2.086s] -- Found rclcpp: 16.0.12 (/opt/ros/humble/share/rclcpp/cmake)
[2.308s] -- Found rosidl_generator_c: 3.1.6 (/opt/ros/humble/share/rosidl_generator_c/cmake)
[2.310s] -- Found rosidl_adapter: 3.1.6 (/opt/ros/humble/share/rosidl_adapter/cmake)
[2.314s] -- Found rosidl_generator_cpp: 3.1.6 (/opt/ros/humble/share/rosidl_generator_cpp/cmake)
[2.320s] -- Using all available rosidl_typesupport_c: rosidl_typesupport_fastrtps_c;rosidl_typesupport_introspection_c
[2.329s] -- Using all available rosidl_typesupport_cpp: rosidl_typesupport_fastrtps_cpp;rosidl_typesupport_introspection_cpp
[2.358s] -- Found rmw_implementation_cmake: 6.1.2 (/opt/ros/humble/share/rmw_implementation_cmake/cmake)
[2.359s] -- Found rmw_fastrtps_cpp: 6.2.7 (/opt/ros/humble/share/rmw_fastrtps_cpp/cmake)
[4.951s] -- Found OpenSSL: /usr/lib/x86_64-linux-gnu/libcrypto.so (found version "3.0.2")  
[8.129s] -- Found FastRTPS: /opt/ros/humble/include  
[12.362s] -- Using RMW implementation 'rmw_fastrtps_cpp' as default
[12.369s] -- Looking for pthread.h
[12.532s] -- Looking for pthread.h - found
[12.533s] -- Performing Test CMAKE_HAVE_LIBC_PTHREAD
[12.691s] -- Performing Test CMAKE_HAVE_LIBC_PTHREAD - Success
[12.691s] -- Found Threads: TRUE  
[12.755s] -- Configuring done
[12.760s] -- Generating done
[12.762s] -- Build files have been written to: /home/pjp2/adrc_new_ws/build/mimo_adrc
[12.768s] Invoked command in '/home/pjp2/adrc_new_ws/build/mimo_adrc' returned '0': CMAKE_PREFIX_PATH=/opt/ros/humble /usr/bin/cmake /home/pjp2/adrc_new_ws/src/mimo_adrc -DAMENT_CMAKE_SYMLINK_INSTALL=1 -DCMAKE_INSTALL_PREFIX=/home/pjp2/adrc_new_ws/install/mimo_adrc
[12.769s] Invoking command in '/home/pjp2/adrc_new_ws/build/mimo_adrc': CMAKE_PREFIX_PATH=/opt/ros/humble /usr/bin/cmake --build /home/pjp2/adrc_new_ws/build/mimo_adrc -- -j24 -l24
[12.790s] [ 25%] [32mBuilding CXX object CMakeFiles/adrc_lib.dir/src/ADRC.cpp.o[0m
[12.949s] [ 50%] [32m[1mLinking CXX static library libadrc_lib.a[0m
[12.962s] [ 50%] Built target adrc_lib
[12.972s] [ 75%] [32mBuilding CXX object CMakeFiles/mimo_node.dir/src/mimo_node.cpp.o[0m
[15.312s] [100%] [32m[1mLinking CXX executable mimo_node[0m
[15.561s] [100%] Built target mimo_node
[15.567s] Invoked command in '/home/pjp2/adrc_new_ws/build/mimo_adrc' returned '0': CMAKE_PREFIX_PATH=/opt/ros/humble /usr/bin/cmake --build /home/pjp2/adrc_new_ws/build/mimo_adrc -- -j24 -l24
[15.573s] Invoking command in '/home/pjp2/adrc_new_ws/build/mimo_adrc': CMAKE_PREFIX_PATH=/opt/ros/humble /usr/bin/cmake --install /home/pjp2/adrc_new_ws/build/mimo_adrc
[15.576s] -- Install configuration: ""
[15.576s] -- Execute custom install script
[15.576s] -- Symlinking: /home/pjp2/adrc_new_ws/install/mimo_adrc/lib/mimo_adrc/mimo_node
[15.581s] -- Symlinking: /home/pjp2/adrc_new_ws/install/mimo_adrc/share/ament_index/resource_index/package_run_dependencies/mimo_adrc
[15.585s] -- Symlinking: /home/pjp2/adrc_new_ws/install/mimo_adrc/share/ament_index/resource_index/parent_prefix_path/mimo_adrc
[15.588s] -- Symlinking: /home/pjp2/adrc_new_ws/install/mimo_adrc/share/mimo_adrc/environment/ament_prefix_path.sh
[15.592s] -- Symlinking: /home/pjp2/adrc_new_ws/install/mimo_adrc/share/mimo_adrc/environment/ament_prefix_path.dsv
[15.596s] -- Symlinking: /home/pjp2/adrc_new_ws/install/mimo_adrc/share/mimo_adrc/environment/path.sh
[15.599s] -- Symlinking: /home/pjp2/adrc_new_ws/install/mimo_adrc/share/mimo_adrc/environment/path.dsv
[15.603s] -- Symlinking: /home/pjp2/adrc_new_ws/install/mimo_adrc/share/mimo_adrc/local_setup.bash
[15.608s] -- Symlinking: /home/pjp2/adrc_new_ws/install/mimo_adrc/share/mimo_adrc/local_setup.sh
[15.611s] -- Symlinking: /home/pjp2/adrc_new_ws/install/mimo_adrc/share/mimo_adrc/local_setup.zsh
[15.615s] -- Symlinking: /home/pjp2/adrc_new_ws/install/mimo_adrc/share/mimo_adrc/local_setup.dsv
[15.619s] -- Symlinking: /home/pjp2/adrc_new_ws/install/mimo_adrc/share/mimo_adrc/package.dsv
[15.623s] -- Symlinking: /home/pjp2/adrc_new_ws/install/mimo_adrc/share/ament_index/resource_index/packages/mimo_adrc
[15.627s] -- Symlinking: /home/pjp2/adrc_new_ws/install/mimo_adrc/share/mimo_adrc/cmake/mimo_adrcConfig.cmake
[15.631s] -- Symlinking: /home/pjp2/adrc_new_ws/install/mimo_adrc/share/mimo_adrc/cmake/mimo_adrcConfig-version.cmake
[15.635s] -- Symlinking: /home/pjp2/adrc_new_ws/install/mimo_adrc/share/mimo_adrc/package.xml
[15.641s] Invoked command in '/home/pjp2/adrc_new_ws/build/mimo_adrc' returned '0': CMAKE_PREFIX_PATH=/opt/ros/humble /usr/bin/cmake --install /home/pjp2/adrc_new_ws/build/mimo_adrc
