[1.378s] DEBUG:colcon:Command line arguments: ['/usr/bin/colcon', 'build', '--symlink-install']
[1.378s] DEBUG:colcon:Parsed command line arguments: Namespace(log_base=None, log_level=None, verb_name='build', build_base='build', install_base='install', merge_install=False, symlink_install=True, test_result_base=None, continue_on_error=False, executor='parallel', parallel_workers=24, event_handlers=None, ignore_user_meta=False, metas=['./colcon.meta'], base_paths=['.'], packages_ignore=None, packages_ignore_regex=None, paths=None, packages_up_to=None, packages_up_to_regex=None, packages_above=None, packages_above_and_dependencies=None, packages_above_depth=None, packages_select_by_dep=None, packages_skip_by_dep=None, packages_skip_up_to=None, packages_select_build_failed=False, packages_skip_build_finished=False, packages_select_test_failures=False, packages_skip_test_passed=False, packages_select=None, packages_skip=None, packages_select_regex=None, packages_skip_regex=None, packages_start=None, packages_end=None, allow_overriding=[], cmake_args=None, cmake_target=None, cmake_target_skip_unavailable=False, cmake_clean_cache=False, cmake_clean_first=False, cmake_force_configure=False, ament_cmake_args=None, catkin_cmake_args=None, catkin_skip_building_tests=False, verb_parser=<colcon_defaults.argument_parser.defaults.DefaultArgumentsDecorator object at 0x7ffa81d50640>, verb_extension=<colcon_core.verb.build.BuildVerb object at 0x7ffa81d500a0>, main=<bound method BuildVerb.main of <colcon_core.verb.build.BuildVerb object at 0x7ffa81d500a0>>)
[1.452s] Level 1:colcon.colcon_core.package_discovery:discover_packages(colcon_meta) check parameters
[1.452s] Level 1:colcon.colcon_core.package_discovery:discover_packages(recursive) check parameters
[1.452s] Level 1:colcon.colcon_core.package_discovery:discover_packages(ignore) check parameters
[1.452s] Level 1:colcon.colcon_core.package_discovery:discover_packages(path) check parameters
[1.452s] Level 1:colcon.colcon_core.package_discovery:discover_packages(colcon_meta) discover
[1.452s] Level 1:colcon.colcon_core.package_discovery:discover_packages(recursive) discover
[1.452s] INFO:colcon.colcon_core.package_discovery:Crawling recursively for packages in '/home/pjp2/adrc_new_ws'
[1.452s] Level 1:colcon.colcon_core.package_identification:_identify(.) by extensions ['ignore', 'ignore_ament_install']
[1.452s] Level 1:colcon.colcon_core.package_identification:_identify(.) by extension 'ignore'
[1.452s] Level 1:colcon.colcon_core.package_identification:_identify(.) by extension 'ignore_ament_install'
[1.452s] Level 1:colcon.colcon_core.package_identification:_identify(.) by extensions ['colcon_pkg']
[1.452s] Level 1:colcon.colcon_core.package_identification:_identify(.) by extension 'colcon_pkg'
[1.452s] Level 1:colcon.colcon_core.package_identification:_identify(.) by extensions ['colcon_meta']
[1.452s] Level 1:colcon.colcon_core.package_identification:_identify(.) by extension 'colcon_meta'
[1.452s] Level 1:colcon.colcon_core.package_identification:_identify(.) by extensions ['ros']
[1.452s] Level 1:colcon.colcon_core.package_identification:_identify(.) by extension 'ros'
[1.459s] Level 1:colcon.colcon_core.package_identification:_identify(.) by extensions ['cmake', 'python']
[1.459s] Level 1:colcon.colcon_core.package_identification:_identify(.) by extension 'cmake'
[1.459s] Level 1:colcon.colcon_core.package_identification:_identify(.) by extension 'python'
[1.459s] Level 1:colcon.colcon_core.package_identification:_identify(.) by extensions ['python_setup_py']
[1.459s] Level 1:colcon.colcon_core.package_identification:_identify(.) by extension 'python_setup_py'
[1.459s] Level 1:colcon.colcon_core.package_identification:_identify(build) by extensions ['ignore', 'ignore_ament_install']
[1.460s] Level 1:colcon.colcon_core.package_identification:_identify(build) by extension 'ignore'
[1.460s] Level 1:colcon.colcon_core.package_identification:_identify(build) ignored
[1.460s] Level 1:colcon.colcon_core.package_identification:_identify(install) by extensions ['ignore', 'ignore_ament_install']
[1.460s] Level 1:colcon.colcon_core.package_identification:_identify(install) by extension 'ignore'
[1.460s] Level 1:colcon.colcon_core.package_identification:_identify(install) ignored
[1.460s] Level 1:colcon.colcon_core.package_identification:_identify(log) by extensions ['ignore', 'ignore_ament_install']
[1.460s] Level 1:colcon.colcon_core.package_identification:_identify(log) by extension 'ignore'
[1.460s] Level 1:colcon.colcon_core.package_identification:_identify(log) ignored
[1.460s] Level 1:colcon.colcon_core.package_identification:_identify(src) by extensions ['ignore', 'ignore_ament_install']
[1.460s] Level 1:colcon.colcon_core.package_identification:_identify(src) by extension 'ignore'
[1.460s] Level 1:colcon.colcon_core.package_identification:_identify(src) by extension 'ignore_ament_install'
[1.460s] Level 1:colcon.colcon_core.package_identification:_identify(src) by extensions ['colcon_pkg']
[1.460s] Level 1:colcon.colcon_core.package_identification:_identify(src) by extension 'colcon_pkg'
[1.460s] Level 1:colcon.colcon_core.package_identification:_identify(src) by extensions ['colcon_meta']
[1.460s] Level 1:colcon.colcon_core.package_identification:_identify(src) by extension 'colcon_meta'
[1.460s] Level 1:colcon.colcon_core.package_identification:_identify(src) by extensions ['ros']
[1.460s] Level 1:colcon.colcon_core.package_identification:_identify(src) by extension 'ros'
[1.460s] Level 1:colcon.colcon_core.package_identification:_identify(src) by extensions ['cmake', 'python']
[1.460s] Level 1:colcon.colcon_core.package_identification:_identify(src) by extension 'cmake'
[1.460s] Level 1:colcon.colcon_core.package_identification:_identify(src) by extension 'python'
[1.461s] Level 1:colcon.colcon_core.package_identification:_identify(src) by extensions ['python_setup_py']
[1.461s] Level 1:colcon.colcon_core.package_identification:_identify(src) by extension 'python_setup_py'
[1.461s] Level 1:colcon.colcon_core.package_identification:_identify(src/mimo_adrc) by extensions ['ignore', 'ignore_ament_install']
[1.461s] Level 1:colcon.colcon_core.package_identification:_identify(src/mimo_adrc) by extension 'ignore'
[1.461s] Level 1:colcon.colcon_core.package_identification:_identify(src/mimo_adrc) by extension 'ignore_ament_install'
[1.461s] Level 1:colcon.colcon_core.package_identification:_identify(src/mimo_adrc) by extensions ['colcon_pkg']
[1.461s] Level 1:colcon.colcon_core.package_identification:_identify(src/mimo_adrc) by extension 'colcon_pkg'
[1.461s] Level 1:colcon.colcon_core.package_identification:_identify(src/mimo_adrc) by extensions ['colcon_meta']
[1.461s] Level 1:colcon.colcon_core.package_identification:_identify(src/mimo_adrc) by extension 'colcon_meta'
[1.461s] Level 1:colcon.colcon_core.package_identification:_identify(src/mimo_adrc) by extensions ['ros']
[1.461s] Level 1:colcon.colcon_core.package_identification:_identify(src/mimo_adrc) by extension 'ros'
[1.462s] DEBUG:colcon.colcon_core.package_identification:Package 'src/mimo_adrc' with type 'ros.ament_cmake' and name 'mimo_adrc'
[1.462s] Level 1:colcon.colcon_core.package_discovery:discover_packages(recursive) using defaults
[1.462s] Level 1:colcon.colcon_core.package_discovery:discover_packages(ignore) discover
[1.462s] Level 1:colcon.colcon_core.package_discovery:discover_packages(ignore) using defaults
[1.462s] Level 1:colcon.colcon_core.package_discovery:discover_packages(path) discover
[1.462s] Level 1:colcon.colcon_core.package_discovery:discover_packages(path) using defaults
[1.473s] Level 1:colcon.colcon_core.package_discovery:discover_packages(prefix_path) check parameters
[1.473s] Level 1:colcon.colcon_core.package_discovery:discover_packages(prefix_path) discover
[1.474s] DEBUG:colcon.colcon_installed_package_information.package_discovery:Found 1 installed packages in /home/pjp2/adrc_new_ws/install
[1.474s] DEBUG:colcon.colcon_installed_package_information.package_discovery:Found 303 installed packages in /opt/ros/humble
[1.480s] Level 1:colcon.colcon_core.package_discovery:discover_packages(prefix_path) using defaults
[1.498s] Level 5:colcon.colcon_core.verb:set package 'mimo_adrc' build argument 'cmake_args' from command line to 'None'
[1.498s] Level 5:colcon.colcon_core.verb:set package 'mimo_adrc' build argument 'cmake_target' from command line to 'None'
[1.498s] Level 5:colcon.colcon_core.verb:set package 'mimo_adrc' build argument 'cmake_target_skip_unavailable' from command line to 'False'
[1.498s] Level 5:colcon.colcon_core.verb:set package 'mimo_adrc' build argument 'cmake_clean_cache' from command line to 'False'
[1.498s] Level 5:colcon.colcon_core.verb:set package 'mimo_adrc' build argument 'cmake_clean_first' from command line to 'False'
[1.499s] Level 5:colcon.colcon_core.verb:set package 'mimo_adrc' build argument 'cmake_force_configure' from command line to 'False'
[1.499s] Level 5:colcon.colcon_core.verb:set package 'mimo_adrc' build argument 'ament_cmake_args' from command line to 'None'
[1.499s] Level 5:colcon.colcon_core.verb:set package 'mimo_adrc' build argument 'catkin_cmake_args' from command line to 'None'
[1.499s] Level 5:colcon.colcon_core.verb:set package 'mimo_adrc' build argument 'catkin_skip_building_tests' from command line to 'False'
[1.499s] DEBUG:colcon.colcon_core.verb:Building package 'mimo_adrc' with the following arguments: {'ament_cmake_args': None, 'build_base': '/home/pjp2/adrc_new_ws/build/mimo_adrc', 'catkin_cmake_args': None, 'catkin_skip_building_tests': False, 'cmake_args': None, 'cmake_clean_cache': False, 'cmake_clean_first': False, 'cmake_force_configure': False, 'cmake_target': None, 'cmake_target_skip_unavailable': False, 'install_base': '/home/pjp2/adrc_new_ws/install/mimo_adrc', 'merge_install': False, 'path': '/home/pjp2/adrc_new_ws/src/mimo_adrc', 'symlink_install': True, 'test_result_base': None}
[1.499s] INFO:colcon.colcon_core.executor:Executing jobs using 'parallel' executor
[1.500s] DEBUG:colcon.colcon_parallel_executor.executor.parallel:run_until_complete
[1.500s] INFO:colcon.colcon_ros.task.ament_cmake.build:Building ROS package in '/home/pjp2/adrc_new_ws/src/mimo_adrc' with build type 'ament_cmake'
[1.500s] INFO:colcon.colcon_cmake.task.cmake.build:Building CMake package in '/home/pjp2/adrc_new_ws/src/mimo_adrc'
[1.501s] INFO:colcon.colcon_core.plugin_system:Skipping extension 'colcon_core.shell.bat': Not used on non-Windows systems
[1.501s] INFO:colcon.colcon_core.shell:Skip shell extension 'powershell' for command environment: Not usable outside of PowerShell
[1.501s] DEBUG:colcon.colcon_core.shell:Skip shell extension 'dsv' for command environment
[1.507s] DEBUG:colcon.colcon_core.event_handler.log_command:Invoking command in '/home/pjp2/adrc_new_ws/build/mimo_adrc': CMAKE_PREFIX_PATH=${CMAKE_PREFIX_PATH}:/opt/ros/humble /usr/bin/cmake --build /home/pjp2/adrc_new_ws/build/mimo_adrc -- -j24 -l24
[1.546s] DEBUG:colcon.colcon_core.event_handler.log_command:Invoked command in '/home/pjp2/adrc_new_ws/build/mimo_adrc' returned '0': CMAKE_PREFIX_PATH=${CMAKE_PREFIX_PATH}:/opt/ros/humble /usr/bin/cmake --build /home/pjp2/adrc_new_ws/build/mimo_adrc -- -j24 -l24
[1.550s] DEBUG:colcon.colcon_core.event_handler.log_command:Invoking command in '/home/pjp2/adrc_new_ws/build/mimo_adrc': CMAKE_PREFIX_PATH=${CMAKE_PREFIX_PATH}:/opt/ros/humble /usr/bin/cmake --install /home/pjp2/adrc_new_ws/build/mimo_adrc
[1.559s] Level 1:colcon.colcon_core.environment:create_environment_scripts_only(mimo_adrc)
[1.560s] DEBUG:colcon.colcon_core.event_handler.log_command:Invoked command in '/home/pjp2/adrc_new_ws/build/mimo_adrc' returned '0': CMAKE_PREFIX_PATH=${CMAKE_PREFIX_PATH}:/opt/ros/humble /usr/bin/cmake --install /home/pjp2/adrc_new_ws/build/mimo_adrc
[1.561s] Level 1:colcon.colcon_core.environment:checking '/home/pjp2/adrc_new_ws/install/mimo_adrc' for CMake module files
[1.561s] Level 1:colcon.colcon_core.environment:checking '/home/pjp2/adrc_new_ws/install/mimo_adrc' for CMake config files
[1.562s] Level 1:colcon.colcon_core.shell:create_environment_hook('mimo_adrc', 'cmake_prefix_path')
[1.562s] INFO:colcon.colcon_core.shell:Creating environment hook '/home/pjp2/adrc_new_ws/install/mimo_adrc/share/mimo_adrc/hook/cmake_prefix_path.ps1'
[1.562s] INFO:colcon.colcon_core.shell:Creating environment descriptor '/home/pjp2/adrc_new_ws/install/mimo_adrc/share/mimo_adrc/hook/cmake_prefix_path.dsv'
[1.562s] INFO:colcon.colcon_core.shell:Creating environment hook '/home/pjp2/adrc_new_ws/install/mimo_adrc/share/mimo_adrc/hook/cmake_prefix_path.sh'
[1.563s] Level 1:colcon.colcon_core.environment:checking '/home/pjp2/adrc_new_ws/install/mimo_adrc/lib'
[1.563s] Level 1:colcon.colcon_core.environment:checking '/home/pjp2/adrc_new_ws/install/mimo_adrc/bin'
[1.563s] Level 1:colcon.colcon_core.environment:checking '/home/pjp2/adrc_new_ws/install/mimo_adrc/lib/pkgconfig/mimo_adrc.pc'
[1.563s] Level 1:colcon.colcon_core.environment:checking '/home/pjp2/adrc_new_ws/install/mimo_adrc/lib/python3.10/site-packages'
[1.563s] Level 1:colcon.colcon_core.environment:checking '/home/pjp2/adrc_new_ws/install/mimo_adrc/bin'
[1.563s] INFO:colcon.colcon_core.shell:Creating package script '/home/pjp2/adrc_new_ws/install/mimo_adrc/share/mimo_adrc/package.ps1'
[1.564s] INFO:colcon.colcon_core.shell:Creating package descriptor '/home/pjp2/adrc_new_ws/install/mimo_adrc/share/mimo_adrc/package.dsv'
[1.564s] INFO:colcon.colcon_core.shell:Creating package script '/home/pjp2/adrc_new_ws/install/mimo_adrc/share/mimo_adrc/package.sh'
[1.564s] INFO:colcon.colcon_core.shell:Creating package script '/home/pjp2/adrc_new_ws/install/mimo_adrc/share/mimo_adrc/package.bash'
[1.565s] INFO:colcon.colcon_core.shell:Creating package script '/home/pjp2/adrc_new_ws/install/mimo_adrc/share/mimo_adrc/package.zsh'
[1.565s] Level 1:colcon.colcon_core.environment:create_file_with_runtime_dependencies(/home/pjp2/adrc_new_ws/install/mimo_adrc/share/colcon-core/packages/mimo_adrc)
[1.565s] Level 1:colcon.colcon_core.environment:create_environment_scripts_only(mimo_adrc)
[1.566s] Level 1:colcon.colcon_core.environment:checking '/home/pjp2/adrc_new_ws/install/mimo_adrc' for CMake module files
[1.566s] Level 1:colcon.colcon_core.environment:checking '/home/pjp2/adrc_new_ws/install/mimo_adrc' for CMake config files
[1.566s] Level 1:colcon.colcon_core.shell:create_environment_hook('mimo_adrc', 'cmake_prefix_path')
[1.566s] INFO:colcon.colcon_core.shell:Creating environment hook '/home/pjp2/adrc_new_ws/install/mimo_adrc/share/mimo_adrc/hook/cmake_prefix_path.ps1'
[1.566s] INFO:colcon.colcon_core.shell:Creating environment descriptor '/home/pjp2/adrc_new_ws/install/mimo_adrc/share/mimo_adrc/hook/cmake_prefix_path.dsv'
[1.566s] INFO:colcon.colcon_core.shell:Creating environment hook '/home/pjp2/adrc_new_ws/install/mimo_adrc/share/mimo_adrc/hook/cmake_prefix_path.sh'
[1.567s] Level 1:colcon.colcon_core.environment:checking '/home/pjp2/adrc_new_ws/install/mimo_adrc/lib'
[1.567s] Level 1:colcon.colcon_core.environment:checking '/home/pjp2/adrc_new_ws/install/mimo_adrc/bin'
[1.567s] Level 1:colcon.colcon_core.environment:checking '/home/pjp2/adrc_new_ws/install/mimo_adrc/lib/pkgconfig/mimo_adrc.pc'
[1.567s] Level 1:colcon.colcon_core.environment:checking '/home/pjp2/adrc_new_ws/install/mimo_adrc/lib/python3.10/site-packages'
[1.567s] Level 1:colcon.colcon_core.environment:checking '/home/pjp2/adrc_new_ws/install/mimo_adrc/bin'
[1.567s] INFO:colcon.colcon_core.shell:Creating package script '/home/pjp2/adrc_new_ws/install/mimo_adrc/share/mimo_adrc/package.ps1'
[1.568s] INFO:colcon.colcon_core.shell:Creating package descriptor '/home/pjp2/adrc_new_ws/install/mimo_adrc/share/mimo_adrc/package.dsv'
[1.568s] INFO:colcon.colcon_core.shell:Creating package script '/home/pjp2/adrc_new_ws/install/mimo_adrc/share/mimo_adrc/package.sh'
[1.568s] INFO:colcon.colcon_core.shell:Creating package script '/home/pjp2/adrc_new_ws/install/mimo_adrc/share/mimo_adrc/package.bash'
[1.568s] INFO:colcon.colcon_core.shell:Creating package script '/home/pjp2/adrc_new_ws/install/mimo_adrc/share/mimo_adrc/package.zsh'
[1.568s] Level 1:colcon.colcon_core.environment:create_file_with_runtime_dependencies(/home/pjp2/adrc_new_ws/install/mimo_adrc/share/colcon-core/packages/mimo_adrc)
[1.569s] DEBUG:colcon.colcon_parallel_executor.executor.parallel:closing loop
[1.569s] DEBUG:colcon.colcon_parallel_executor.executor.parallel:loop closed
[1.569s] DEBUG:colcon.colcon_parallel_executor.executor.parallel:run_until_complete finished with '0'
[1.569s] DEBUG:colcon.colcon_core.event_reactor:joining thread
[1.572s] INFO:colcon.colcon_core.plugin_system:Skipping extension 'colcon_notification.desktop_notification.terminal_notifier': Not used on non-Darwin systems
[1.572s] INFO:colcon.colcon_core.plugin_system:Skipping extension 'colcon_notification.desktop_notification.win32': Not used on non-Windows systems
[1.572s] INFO:colcon.colcon_notification.desktop_notification:Sending desktop notification using 'notify2'
[1.575s] DEBUG:colcon.colcon_core.event_reactor:joined thread
[1.575s] INFO:colcon.colcon_core.shell:Creating prefix script '/home/pjp2/adrc_new_ws/install/local_setup.ps1'
[1.575s] INFO:colcon.colcon_core.shell:Creating prefix util module '/home/pjp2/adrc_new_ws/install/_local_setup_util_ps1.py'
[1.576s] INFO:colcon.colcon_core.shell:Creating prefix chain script '/home/pjp2/adrc_new_ws/install/setup.ps1'
[1.577s] INFO:colcon.colcon_core.shell:Creating prefix script '/home/pjp2/adrc_new_ws/install/local_setup.sh'
[1.577s] INFO:colcon.colcon_core.shell:Creating prefix util module '/home/pjp2/adrc_new_ws/install/_local_setup_util_sh.py'
[1.577s] INFO:colcon.colcon_core.shell:Creating prefix chain script '/home/pjp2/adrc_new_ws/install/setup.sh'
[1.578s] INFO:colcon.colcon_core.shell:Creating prefix script '/home/pjp2/adrc_new_ws/install/local_setup.bash'
[1.578s] INFO:colcon.colcon_core.shell:Creating prefix chain script '/home/pjp2/adrc_new_ws/install/setup.bash'
[1.579s] INFO:colcon.colcon_core.shell:Creating prefix script '/home/pjp2/adrc_new_ws/install/local_setup.zsh'
[1.579s] INFO:colcon.colcon_core.shell:Creating prefix chain script '/home/pjp2/adrc_new_ws/install/setup.zsh'
