-- Found ament_cmake: 1.3.11 (/opt/ros/humble/share/ament_cmake/cmake)
-- Override CMake install command with custom implementation using symlinks instead of copying resources
-- Found rclcpp: 16.0.12 (/opt/ros/humble/share/rclcpp/cmake)
-- Found rosidl_generator_c: 3.1.6 (/opt/ros/humble/share/rosidl_generator_c/cmake)
-- Found rosidl_adapter: 3.1.6 (/opt/ros/humble/share/rosidl_adapter/cmake)
-- Found rosidl_generator_cpp: 3.1.6 (/opt/ros/humble/share/rosidl_generator_cpp/cmake)
-- Using all available rosidl_typesupport_c: rosidl_typesupport_fastrtps_c;rosidl_typesupport_introspection_c
-- Using all available rosidl_typesupport_cpp: rosidl_typesupport_fastrtps_cpp;rosidl_typesupport_introspection_cpp
-- Found rmw_implementation_cmake: 6.1.2 (/opt/ros/humble/share/rmw_implementation_cmake/cmake)
-- Found rmw_fastrtps_cpp: 6.2.7 (/opt/ros/humble/share/rmw_fastrtps_cpp/cmake)
-- Using RMW implementation 'rmw_fastrtps_cpp' as default
-- Configuring done
-- Generating done
-- Build files have been written to: /home/pjp2/adrc_new_ws/build/mimo_adrc
[35m[1mConsolidate compiler generated dependencies of target adrc_lib[0m
[ 50%] Built target adrc_lib
[35m[1mConsolidate compiler generated dependencies of target mimo_node[0m
[ 75%] [32mBuilding CXX object CMakeFiles/mimo_node.dir/src/mimo_node.cpp.o[0m
[100%] [32m[1mLinking CXX executable mimo_node[0m
[100%] Built target mimo_node
-- Install configuration: ""
-- Execute custom install script
-- Up-to-date symlink: /home/pjp2/adrc_new_ws/install/mimo_adrc/lib/mimo_adrc/mimo_node
-- Symlinking: /home/pjp2/adrc_new_ws/install/mimo_adrc/share/mimo_adrc/launch/mimo_launch.py
-- Up-to-date symlink: /home/pjp2/adrc_new_ws/install/mimo_adrc/share/ament_index/resource_index/package_run_dependencies/mimo_adrc
-- Up-to-date symlink: /home/pjp2/adrc_new_ws/install/mimo_adrc/share/ament_index/resource_index/parent_prefix_path/mimo_adrc
-- Up-to-date symlink: /home/pjp2/adrc_new_ws/install/mimo_adrc/share/mimo_adrc/environment/ament_prefix_path.sh
-- Up-to-date symlink: /home/pjp2/adrc_new_ws/install/mimo_adrc/share/mimo_adrc/environment/ament_prefix_path.dsv
-- Up-to-date symlink: /home/pjp2/adrc_new_ws/install/mimo_adrc/share/mimo_adrc/environment/path.sh
-- Up-to-date symlink: /home/pjp2/adrc_new_ws/install/mimo_adrc/share/mimo_adrc/environment/path.dsv
-- Up-to-date symlink: /home/pjp2/adrc_new_ws/install/mimo_adrc/share/mimo_adrc/local_setup.bash
-- Up-to-date symlink: /home/pjp2/adrc_new_ws/install/mimo_adrc/share/mimo_adrc/local_setup.sh
-- Up-to-date symlink: /home/pjp2/adrc_new_ws/install/mimo_adrc/share/mimo_adrc/local_setup.zsh
-- Up-to-date symlink: /home/pjp2/adrc_new_ws/install/mimo_adrc/share/mimo_adrc/local_setup.dsv
-- Symlinking: /home/pjp2/adrc_new_ws/install/mimo_adrc/share/mimo_adrc/package.dsv
-- Up-to-date symlink: /home/pjp2/adrc_new_ws/install/mimo_adrc/share/ament_index/resource_index/packages/mimo_adrc
-- Up-to-date symlink: /home/pjp2/adrc_new_ws/install/mimo_adrc/share/mimo_adrc/cmake/mimo_adrcConfig.cmake
-- Up-to-date symlink: /home/pjp2/adrc_new_ws/install/mimo_adrc/share/mimo_adrc/cmake/mimo_adrcConfig-version.cmake
-- Up-to-date symlink: /home/pjp2/adrc_new_ws/install/mimo_adrc/share/mimo_adrc/package.xml
