[0.010s] Invoking command in '/home/pjp2/adrc_new_ws/build/mimo_adrc': CMAKE_PREFIX_PATH=/opt/ros/humble /usr/bin/cmake --build /home/pjp2/adrc_new_ws/build/mimo_adrc -- -j24 -l24
[0.057s] [35m[1mConsolidate compiler generated dependencies of target adrc_lib[0m
[0.064s] [ 50%] Built target adrc_lib
[0.072s] [35m[1mConsolidate compiler generated dependencies of target mimo_node[0m
[0.081s] [ 75%] [32mBuilding CXX object CMakeFiles/mimo_node.dir/src/mimo_node.cpp.o[0m
[2.883s] [100%] [32m[1mLinking CXX executable mimo_node[0m
[3.201s] /usr/bin/ld: CMakeFiles/mimo_node.dir/src/mimo_node.cpp.o: in function `MimoNode::MimoNode()':
[3.202s] mimo_node.cpp:(.text._ZN8MimoNodeC2Ev[_ZN8MimoNodeC5Ev]+0x24b): undefined reference to `MimoADRC::init(float, float, float)'
[3.202s] /usr/bin/ld: mimo_node.cpp:(.text._ZN8MimoNodeC2Ev[_ZN8MimoNodeC5Ev]+0x29d): undefined reference to `MimoADRC::setGains(float, float, float, float, float, float)'
[3.202s] /usr/bin/ld: mimo_node.cpp:(.text._ZN8MimoNodeC2Ev[_ZN8MimoNodeC5Ev]+0x315): undefined reference to `MimoADRC::init(float, float, float)'
[3.202s] /usr/bin/ld: mimo_node.cpp:(.text._ZN8MimoNodeC2Ev[_ZN8MimoNodeC5Ev]+0x367): undefined reference to `MimoADRC::setGains(float, float, float, float, float, float)'
[3.202s] /usr/bin/ld: CMakeFiles/mimo_node.dir/src/mimo_node.cpp.o: in function `MimoNode::step()':
[3.202s] mimo_node.cpp:(.text._ZN8MimoNode4stepEv[_ZN8MimoNode4stepEv]+0x667): undefined reference to `MimoADRC::observe(float*, float*)'
[3.202s] /usr/bin/ld: mimo_node.cpp:(.text._ZN8MimoNode4stepEv[_ZN8MimoNode4stepEv]+0x698): undefined reference to `MimoADRC::calculateU0(float*, float*)'
[3.202s] /usr/bin/ld: mimo_node.cpp:(.text._ZN8MimoNode4stepEv[_ZN8MimoNode4stepEv]+0x6c2): undefined reference to `MimoADRC::getZ3(float*)'
[3.202s] /usr/bin/ld: mimo_node.cpp:(.text._ZN8MimoNode4stepEv[_ZN8MimoNode4stepEv]+0x851): undefined reference to `MimoADRC::observe(float*, float*)'
[3.202s] /usr/bin/ld: mimo_node.cpp:(.text._ZN8MimoNode4stepEv[_ZN8MimoNode4stepEv]+0x882): undefined reference to `MimoADRC::calculateU0(float*, float*)'
[3.202s] /usr/bin/ld: mimo_node.cpp:(.text._ZN8MimoNode4stepEv[_ZN8MimoNode4stepEv]+0x8a9): undefined reference to `MimoADRC::getZ3(float*)'
[3.202s] /usr/bin/ld: mimo_node.cpp:(.text._ZN8MimoNode4stepEv[_ZN8MimoNode4stepEv]+0x958): undefined reference to `MimoADRC::getStates(int, float*)'
[3.203s] /usr/bin/ld: CMakeFiles/mimo_node.dir/src/mimo_node.cpp.o: in function `void __gnu_cxx::new_allocator<MimoADRC>::construct<MimoADRC>(MimoADRC*)':
[3.203s] mimo_node.cpp:(.text._ZN9__gnu_cxx13new_allocatorI8MimoADRCE9constructIS1_JEEEvPT_DpOT0_[_ZN9__gnu_cxx13new_allocatorI8MimoADRCE9constructIS1_JEEEvPT_DpOT0_]+0x31): undefined reference to `MimoADRC::MimoADRC()'
[3.210s] collect2: error: ld returned 1 exit status
[3.211s] gmake[2]: *** [CMakeFiles/mimo_node.dir/build.make:160: mimo_node] Error 1
[3.211s] gmake[1]: *** [CMakeFiles/Makefile2:165: CMakeFiles/mimo_node.dir/all] Error 2
[3.211s] gmake: *** [Makefile:146: all] Error 2
[3.213s] Invoked command in '/home/pjp2/adrc_new_ws/build/mimo_adrc' returned '2': CMAKE_PREFIX_PATH=/opt/ros/humble /usr/bin/cmake --build /home/pjp2/adrc_new_ws/build/mimo_adrc -- -j24 -l24
